{
  "0 debug pnpm:scope": {
    "selected": 1
  },
  "1 debug pnpm:package-manifest": {
    "initial": {
      "name": "pet-exchange",
      "version": "0.1.0",
      "private": true,
      "dependencies": {
        "@testing-library/jest-dom": "^5.14.1",
        "@testing-library/react": "^11.2.7",
        "@testing-library/user-event": "^12.8.3",
        "@types/jest": "^26.0.23",
        "@types/node": "^12.20.15",
        "@types/react": "^17.0.13",
        "@types/react-dom": "^17.0.8",
        "react": "^17.0.2",
        "react-dom": "^17.0.2",
        "react-scripts": "4.0.3",
        "typescript": "^4.3.5",
        "web-vitals": "^1.1.2"
      },
      "scripts": {
        "start": "react-scripts start",
        "build": "react-scripts build",
        "test": "react-scripts test",
        "eject": "react-scripts eject"
      },
      "eslintConfig": {
        "extends": [
          "react-app",
          "react-app/jest"
        ]
      },
      "browserslist": {
        "production": [
          ">0.2%",
          "not dead",
          "not op_mini all"
        ],
        "development": [
          "last 1 chrome version",
          "last 1 firefox version",
          "last 1 safari version"
        ]
      }
    },
    "prefix": "/Users/alex/Projects/work/coretechs/pet-exchange"
  },
  "2 debug pnpm:context": {
    "currentLockfileExists": false,
    "storeDir": "/Users/alex/.pnpm-store/v3",
    "virtualStoreDir": "/Users/alex/Projects/work/coretechs/pet-exchange/node_modules/.pnpm"
  },
  "3 error pnpm": {
    "err": {
      "name": "Error",
      "message": "Headless installation requires a pnpm-lock.yaml file",
      "stack": "Error: Headless installation requires a pnpm-lock.yaml file\n    at _install (/usr/local/pnpm-global/5/node_modules/.pnpm/pnpm@6.3.0/node_modules/pnpm/dist/pnpm.cjs:108895:19)\n    at mutateModules (/usr/local/pnpm-global/5/node_modules/.pnpm/pnpm@6.3.0/node_modules/pnpm/dist/pnpm.cjs:108874:26)\n    at async Object.install (/usr/local/pnpm-global/5/node_modules/.pnpm/pnpm@6.3.0/node_modules/pnpm/dist/pnpm.cjs:108831:22)\n    at async Object.handler [as default] (/usr/local/pnpm-global/5/node_modules/.pnpm/pnpm@6.3.0/node_modules/pnpm/dist/pnpm.cjs:111781:29)\n    at async Timeout._onTimeout (/usr/local/pnpm-global/5/node_modules/.pnpm/pnpm@6.3.0/node_modules/pnpm/dist/pnpm.cjs:121003:22)"
    }
  }
}